ROUTE|cauchy_minimal|4|11|6|46|53|20|1
TRACE|cauchy_minimal|scalar|node=entry1|ctor=App
TRACE|cauchy_minimal|scalar|node=entry1/0|ctor=Univ
TRACE|cauchy_minimal|scalar|node=entry1/1|ctor=Var
TRACE|cauchy_minimal|scalar|node=entry2|ctor=Sigma
TRACE|cauchy_minimal|scalar|node=entry2/0|ctor=Var
TRACE|cauchy_minimal|scalar|node=entry2/1|ctor=Var
TRACE|cauchy_minimal|scalar|node=entry3|ctor=Sigma
TRACE|cauchy_minimal|scalar|node=entry3/0|ctor=Var
TRACE|cauchy_minimal|scalar|node=entry3/1|ctor=Pi
TRACE|cauchy_minimal|scalar|node=entry3/1/0|ctor=Var
TRACE|cauchy_minimal|scalar|node=entry3/1/1|ctor=Var
TRACE|cauchy_minimal|scalar|node=entry4|ctor=Pi
TRACE|cauchy_minimal|scalar|node=entry4/0|ctor=Var
TRACE|cauchy_minimal|scalar|node=entry4/1|ctor=Var
TRACE|cauchy_minimal|metric|node=entry1|ctor=Sigma
TRACE|cauchy_minimal|metric|node=entry1/0|ctor=Pi
TRACE|cauchy_minimal|metric|node=entry1/0/0|ctor=Var
TRACE|cauchy_minimal|metric|node=entry1/0/1|ctor=Var
TRACE|cauchy_minimal|metric|node=entry1/1|ctor=Pi
TRACE|cauchy_minimal|metric|node=entry1/1/0|ctor=Var
TRACE|cauchy_minimal|metric|node=entry1/1/1|ctor=Var
TRACE|cauchy_minimal|metric|node=entry2|ctor=Pi
TRACE|cauchy_minimal|metric|node=entry2/0|ctor=Sigma
TRACE|cauchy_minimal|metric|node=entry2/0/0|ctor=Var
TRACE|cauchy_minimal|metric|node=entry2/0/1|ctor=Var
TRACE|cauchy_minimal|metric|node=entry2/1|ctor=Lib
TRACE|cauchy_minimal|metric|node=entry3|ctor=Pi
TRACE|cauchy_minimal|metric|node=entry3/0|ctor=Var
TRACE|cauchy_minimal|metric|node=entry3/1|ctor=Pi
TRACE|cauchy_minimal|metric|node=entry3/1/0|ctor=Var
TRACE|cauchy_minimal|metric|node=entry3/1/1|ctor=Var
TRACE|cauchy_minimal|metric|node=entry4|ctor=Lam
TRACE|cauchy_minimal|metric|node=entry4/0|ctor=App
TRACE|cauchy_minimal|metric|node=entry4/0/0|ctor=Var
TRACE|cauchy_minimal|metric|node=entry4/0/1|ctor=Var
TRACE|cauchy_minimal|metric|node=entry5|ctor=Pi
TRACE|cauchy_minimal|metric|node=entry5/0|ctor=Lib
TRACE|cauchy_minimal|metric|node=entry5/1|ctor=Lib
TRACE|cauchy_minimal|metric|node=entry6|ctor=Lam
TRACE|cauchy_minimal|metric|node=entry6/0|ctor=Pi
TRACE|cauchy_minimal|metric|node=entry6/0/0|ctor=Var
TRACE|cauchy_minimal|metric|node=entry6/0/1|ctor=Var
TRACE|cauchy_minimal|metric|node=entry7|ctor=Pi
TRACE|cauchy_minimal|metric|node=entry7/0|ctor=Lib
TRACE|cauchy_minimal|metric|node=entry7/1|ctor=Var
TRACE|cauchy_minimal|combined|node=entry1|ctor=App
TRACE|cauchy_minimal|combined|node=entry1/0|ctor=Univ
TRACE|cauchy_minimal|combined|node=entry1/1|ctor=Var
TRACE|cauchy_minimal|combined|node=entry2|ctor=Sigma
TRACE|cauchy_minimal|combined|node=entry2/0|ctor=Var
TRACE|cauchy_minimal|combined|node=entry2/1|ctor=Var
TRACE|cauchy_minimal|combined|node=entry3|ctor=Sigma
TRACE|cauchy_minimal|combined|node=entry3/0|ctor=Var
TRACE|cauchy_minimal|combined|node=entry3/1|ctor=Pi
TRACE|cauchy_minimal|combined|node=entry3/1/0|ctor=Var
TRACE|cauchy_minimal|combined|node=entry3/1/1|ctor=Var
TRACE|cauchy_minimal|combined|node=entry4|ctor=Pi
TRACE|cauchy_minimal|combined|node=entry4/0|ctor=Var
TRACE|cauchy_minimal|combined|node=entry4/1|ctor=Var
TRACE|cauchy_minimal|combined|node=entry5|ctor=Sigma
TRACE|cauchy_minimal|combined|node=entry5/0|ctor=Pi
TRACE|cauchy_minimal|combined|node=entry5/0/0|ctor=Var
TRACE|cauchy_minimal|combined|node=entry5/0/1|ctor=Var
TRACE|cauchy_minimal|combined|node=entry5/1|ctor=Pi
TRACE|cauchy_minimal|combined|node=entry5/1/0|ctor=Var
TRACE|cauchy_minimal|combined|node=entry5/1/1|ctor=Var
TRACE|cauchy_minimal|combined|node=entry6|ctor=Pi
TRACE|cauchy_minimal|combined|node=entry6/0|ctor=Sigma
TRACE|cauchy_minimal|combined|node=entry6/0/0|ctor=Var
TRACE|cauchy_minimal|combined|node=entry6/0/1|ctor=Var
TRACE|cauchy_minimal|combined|node=entry6/1|ctor=Lib
TRACE|cauchy_minimal|combined|node=entry7|ctor=Pi
TRACE|cauchy_minimal|combined|node=entry7/0|ctor=Var
TRACE|cauchy_minimal|combined|node=entry7/1|ctor=Pi
TRACE|cauchy_minimal|combined|node=entry7/1/0|ctor=Var
TRACE|cauchy_minimal|combined|node=entry7/1/1|ctor=Var
TRACE|cauchy_minimal|combined|node=entry8|ctor=Lam
TRACE|cauchy_minimal|combined|node=entry8/0|ctor=App
TRACE|cauchy_minimal|combined|node=entry8/0/0|ctor=Var
TRACE|cauchy_minimal|combined|node=entry8/0/1|ctor=Var
TRACE|cauchy_minimal|combined|node=entry9|ctor=Pi
TRACE|cauchy_minimal|combined|node=entry9/0|ctor=Lib
TRACE|cauchy_minimal|combined|node=entry9/1|ctor=Lib
TRACE|cauchy_minimal|combined|node=entry10|ctor=Lam
TRACE|cauchy_minimal|combined|node=entry10/0|ctor=Pi
TRACE|cauchy_minimal|combined|node=entry10/0/0|ctor=Var
TRACE|cauchy_minimal|combined|node=entry10/0/1|ctor=Var
TRACE|cauchy_minimal|combined|node=entry11|ctor=Pi
TRACE|cauchy_minimal|combined|node=entry11/0|ctor=Lib
TRACE|cauchy_minimal|combined|node=entry11/1|ctor=Var
ROUTE|topological_arithmetic|3|10|11|46|51|14|-6
TRACE|topological_arithmetic|scalar|node=entry1|ctor=App
TRACE|topological_arithmetic|scalar|node=entry1/0|ctor=Lib
TRACE|topological_arithmetic|scalar|node=entry1/1|ctor=Var
TRACE|topological_arithmetic|scalar|node=entry2|ctor=Sigma
TRACE|topological_arithmetic|scalar|node=entry2/0|ctor=Var
TRACE|topological_arithmetic|scalar|node=entry2/1|ctor=Var
TRACE|topological_arithmetic|scalar|node=entry3|ctor=Pi
TRACE|topological_arithmetic|scalar|node=entry3/0|ctor=Var
TRACE|topological_arithmetic|scalar|node=entry3/1|ctor=Var
TRACE|topological_arithmetic|metric|node=entry1|ctor=Sigma
TRACE|topological_arithmetic|metric|node=entry1/0|ctor=Pi
TRACE|topological_arithmetic|metric|node=entry1/0/0|ctor=Var
TRACE|topological_arithmetic|metric|node=entry1/0/1|ctor=Var
TRACE|topological_arithmetic|metric|node=entry1/1|ctor=Pi
TRACE|topological_arithmetic|metric|node=entry1/1/0|ctor=Var
TRACE|topological_arithmetic|metric|node=entry1/1/1|ctor=Var
TRACE|topological_arithmetic|metric|node=entry2|ctor=Pi
TRACE|topological_arithmetic|metric|node=entry2/0|ctor=Sigma
TRACE|topological_arithmetic|metric|node=entry2/0/0|ctor=Var
TRACE|topological_arithmetic|metric|node=entry2/0/1|ctor=Var
TRACE|topological_arithmetic|metric|node=entry2/1|ctor=Lib
TRACE|topological_arithmetic|metric|node=entry3|ctor=Pi
TRACE|topological_arithmetic|metric|node=entry3/0|ctor=Var
TRACE|topological_arithmetic|metric|node=entry3/1|ctor=Pi
TRACE|topological_arithmetic|metric|node=entry3/1/0|ctor=Var
TRACE|topological_arithmetic|metric|node=entry3/1/1|ctor=Var
TRACE|topological_arithmetic|metric|node=entry4|ctor=Lam
TRACE|topological_arithmetic|metric|node=entry4/0|ctor=App
TRACE|topological_arithmetic|metric|node=entry4/0/0|ctor=Var
TRACE|topological_arithmetic|metric|node=entry4/0/1|ctor=Var
TRACE|topological_arithmetic|metric|node=entry5|ctor=Pi
TRACE|topological_arithmetic|metric|node=entry5/0|ctor=Lib
TRACE|topological_arithmetic|metric|node=entry5/1|ctor=Lib
TRACE|topological_arithmetic|metric|node=entry6|ctor=Lam
TRACE|topological_arithmetic|metric|node=entry6/0|ctor=Pi
TRACE|topological_arithmetic|metric|node=entry6/0/0|ctor=Var
TRACE|topological_arithmetic|metric|node=entry6/0/1|ctor=Var
TRACE|topological_arithmetic|metric|node=entry7|ctor=Pi
TRACE|topological_arithmetic|metric|node=entry7/0|ctor=Lib
TRACE|topological_arithmetic|metric|node=entry7/1|ctor=Var
TRACE|topological_arithmetic|combined|node=entry1|ctor=App
TRACE|topological_arithmetic|combined|node=entry1/0|ctor=Lib
TRACE|topological_arithmetic|combined|node=entry1/1|ctor=Var
TRACE|topological_arithmetic|combined|node=entry2|ctor=Sigma
TRACE|topological_arithmetic|combined|node=entry2/0|ctor=Var
TRACE|topological_arithmetic|combined|node=entry2/1|ctor=Var
TRACE|topological_arithmetic|combined|node=entry3|ctor=Pi
TRACE|topological_arithmetic|combined|node=entry3/0|ctor=Var
TRACE|topological_arithmetic|combined|node=entry3/1|ctor=Var
TRACE|topological_arithmetic|combined|node=entry4|ctor=Sigma
TRACE|topological_arithmetic|combined|node=entry4/0|ctor=Pi
TRACE|topological_arithmetic|combined|node=entry4/0/0|ctor=Var
TRACE|topological_arithmetic|combined|node=entry4/0/1|ctor=Var
TRACE|topological_arithmetic|combined|node=entry4/1|ctor=Pi
TRACE|topological_arithmetic|combined|node=entry4/1/0|ctor=Var
TRACE|topological_arithmetic|combined|node=entry4/1/1|ctor=Var
TRACE|topological_arithmetic|combined|node=entry5|ctor=Pi
TRACE|topological_arithmetic|combined|node=entry5/0|ctor=Sigma
TRACE|topological_arithmetic|combined|node=entry5/0/0|ctor=Var
TRACE|topological_arithmetic|combined|node=entry5/0/1|ctor=Var
TRACE|topological_arithmetic|combined|node=entry5/1|ctor=Lib
TRACE|topological_arithmetic|combined|node=entry6|ctor=Pi
TRACE|topological_arithmetic|combined|node=entry6/0|ctor=Var
TRACE|topological_arithmetic|combined|node=entry6/1|ctor=Pi
TRACE|topological_arithmetic|combined|node=entry6/1/0|ctor=Var
TRACE|topological_arithmetic|combined|node=entry6/1/1|ctor=Var
TRACE|topological_arithmetic|combined|node=entry7|ctor=Lam
TRACE|topological_arithmetic|combined|node=entry7/0|ctor=App
TRACE|topological_arithmetic|combined|node=entry7/0/0|ctor=Var
TRACE|topological_arithmetic|combined|node=entry7/0/1|ctor=Var
TRACE|topological_arithmetic|combined|node=entry8|ctor=Pi
TRACE|topological_arithmetic|combined|node=entry8/0|ctor=Lib
TRACE|topological_arithmetic|combined|node=entry8/1|ctor=Lib
TRACE|topological_arithmetic|combined|node=entry9|ctor=Lam
TRACE|topological_arithmetic|combined|node=entry9/0|ctor=Pi
TRACE|topological_arithmetic|combined|node=entry9/0/0|ctor=Var
TRACE|topological_arithmetic|combined|node=entry9/0/1|ctor=Var
TRACE|topological_arithmetic|combined|node=entry10|ctor=Pi
TRACE|topological_arithmetic|combined|node=entry10/0|ctor=Lib
TRACE|topological_arithmetic|combined|node=entry10/1|ctor=Var
ROUTE|synthetic_continuum|2|9|4|46|50|8|0
TRACE|synthetic_continuum|scalar|node=entry1|ctor=App
TRACE|synthetic_continuum|scalar|node=entry1/0|ctor=Lib
TRACE|synthetic_continuum|scalar|node=entry1/1|ctor=Var
TRACE|synthetic_continuum|scalar|node=entry2|ctor=Sigma
TRACE|synthetic_continuum|scalar|node=entry2/0|ctor=Pi
TRACE|synthetic_continuum|scalar|node=entry2/0/0|ctor=Var
TRACE|synthetic_continuum|scalar|node=entry2/0/1|ctor=Var
TRACE|synthetic_continuum|scalar|node=entry2/1|ctor=Pi
TRACE|synthetic_continuum|scalar|node=entry2/1/0|ctor=Var
TRACE|synthetic_continuum|scalar|node=entry2/1/1|ctor=Var
TRACE|synthetic_continuum|metric|node=entry1|ctor=Sigma
TRACE|synthetic_continuum|metric|node=entry1/0|ctor=Pi
TRACE|synthetic_continuum|metric|node=entry1/0/0|ctor=Var
TRACE|synthetic_continuum|metric|node=entry1/0/1|ctor=Var
TRACE|synthetic_continuum|metric|node=entry1/1|ctor=Pi
TRACE|synthetic_continuum|metric|node=entry1/1/0|ctor=Var
TRACE|synthetic_continuum|metric|node=entry1/1/1|ctor=Var
TRACE|synthetic_continuum|metric|node=entry2|ctor=Pi
TRACE|synthetic_continuum|metric|node=entry2/0|ctor=Sigma
TRACE|synthetic_continuum|metric|node=entry2/0/0|ctor=Var
TRACE|synthetic_continuum|metric|node=entry2/0/1|ctor=Var
TRACE|synthetic_continuum|metric|node=entry2/1|ctor=Lib
TRACE|synthetic_continuum|metric|node=entry3|ctor=Pi
TRACE|synthetic_continuum|metric|node=entry3/0|ctor=Var
TRACE|synthetic_continuum|metric|node=entry3/1|ctor=Pi
TRACE|synthetic_continuum|metric|node=entry3/1/0|ctor=Var
TRACE|synthetic_continuum|metric|node=entry3/1/1|ctor=Var
TRACE|synthetic_continuum|metric|node=entry4|ctor=Lam
TRACE|synthetic_continuum|metric|node=entry4/0|ctor=App
TRACE|synthetic_continuum|metric|node=entry4/0/0|ctor=Var
TRACE|synthetic_continuum|metric|node=entry4/0/1|ctor=Var
TRACE|synthetic_continuum|metric|node=entry5|ctor=Pi
TRACE|synthetic_continuum|metric|node=entry5/0|ctor=Lib
TRACE|synthetic_continuum|metric|node=entry5/1|ctor=Lib
TRACE|synthetic_continuum|metric|node=entry6|ctor=Lam
TRACE|synthetic_continuum|metric|node=entry6/0|ctor=Pi
TRACE|synthetic_continuum|metric|node=entry6/0/0|ctor=Var
TRACE|synthetic_continuum|metric|node=entry6/0/1|ctor=Var
TRACE|synthetic_continuum|metric|node=entry7|ctor=Pi
TRACE|synthetic_continuum|metric|node=entry7/0|ctor=Lib
TRACE|synthetic_continuum|metric|node=entry7/1|ctor=Var
TRACE|synthetic_continuum|combined|node=entry1|ctor=App
TRACE|synthetic_continuum|combined|node=entry1/0|ctor=Lib
TRACE|synthetic_continuum|combined|node=entry1/1|ctor=Var
TRACE|synthetic_continuum|combined|node=entry2|ctor=Sigma
TRACE|synthetic_continuum|combined|node=entry2/0|ctor=Pi
TRACE|synthetic_continuum|combined|node=entry2/0/0|ctor=Var
TRACE|synthetic_continuum|combined|node=entry2/0/1|ctor=Var
TRACE|synthetic_continuum|combined|node=entry2/1|ctor=Pi
TRACE|synthetic_continuum|combined|node=entry2/1/0|ctor=Var
TRACE|synthetic_continuum|combined|node=entry2/1/1|ctor=Var
TRACE|synthetic_continuum|combined|node=entry3|ctor=Sigma
TRACE|synthetic_continuum|combined|node=entry3/0|ctor=Pi
TRACE|synthetic_continuum|combined|node=entry3/0/0|ctor=Var
TRACE|synthetic_continuum|combined|node=entry3/0/1|ctor=Var
TRACE|synthetic_continuum|combined|node=entry3/1|ctor=Pi
TRACE|synthetic_continuum|combined|node=entry3/1/0|ctor=Var
TRACE|synthetic_continuum|combined|node=entry3/1/1|ctor=Var
TRACE|synthetic_continuum|combined|node=entry4|ctor=Pi
TRACE|synthetic_continuum|combined|node=entry4/0|ctor=Sigma
TRACE|synthetic_continuum|combined|node=entry4/0/0|ctor=Var
TRACE|synthetic_continuum|combined|node=entry4/0/1|ctor=Var
TRACE|synthetic_continuum|combined|node=entry4/1|ctor=Lib
TRACE|synthetic_continuum|combined|node=entry5|ctor=Pi
TRACE|synthetic_continuum|combined|node=entry5/0|ctor=Var
TRACE|synthetic_continuum|combined|node=entry5/1|ctor=Pi
TRACE|synthetic_continuum|combined|node=entry5/1/0|ctor=Var
TRACE|synthetic_continuum|combined|node=entry5/1/1|ctor=Var
TRACE|synthetic_continuum|combined|node=entry6|ctor=Lam
TRACE|synthetic_continuum|combined|node=entry6/0|ctor=App
TRACE|synthetic_continuum|combined|node=entry6/0/0|ctor=Var
TRACE|synthetic_continuum|combined|node=entry6/0/1|ctor=Var
TRACE|synthetic_continuum|combined|node=entry7|ctor=Pi
TRACE|synthetic_continuum|combined|node=entry7/0|ctor=Lib
TRACE|synthetic_continuum|combined|node=entry7/1|ctor=Lib
TRACE|synthetic_continuum|combined|node=entry8|ctor=Lam
TRACE|synthetic_continuum|combined|node=entry8/0|ctor=Pi
TRACE|synthetic_continuum|combined|node=entry8/0/0|ctor=Var
TRACE|synthetic_continuum|combined|node=entry8/0/1|ctor=Var
TRACE|synthetic_continuum|combined|node=entry9|ctor=Pi
TRACE|synthetic_continuum|combined|node=entry9/0|ctor=Lib
TRACE|synthetic_continuum|combined|node=entry9/1|ctor=Var
