\BOOKMARK [1][-]{section.1}{\376\377\000I\000n\000t\000r\000o\000d\000u\000c\000t\000i\000o\000n}{}% 1
\BOOKMARK [1][-]{section.2}{\376\377\000T\000h\000e\000\040\000G\000e\000n\000e\000r\000a\000t\000i\000v\000e\000\040\000S\000e\000q\000u\000e\000n\000c\000e}{}% 2
\BOOKMARK [2][-]{subsection.2.1}{\376\377\000R\000e\000a\000d\000i\000n\000g\000\040\000t\000h\000e\000\040\000T\000a\000b\000l\000e}{section.2}% 3
\BOOKMARK [2][-]{subsection.2.2}{\376\377\000T\000h\000r\000e\000e\000\040\000P\000a\000t\000t\000e\000r\000n\000s}{section.2}% 4
\BOOKMARK [2][-]{subsection.2.3}{\376\377\000T\000h\000e\000\040\000E\000f\000f\000i\000c\000i\000e\000n\000c\000y\000\040\000P\000e\000a\000k}{section.2}% 5
\BOOKMARK [1][-]{section.3}{\376\377\000T\000h\000e\000\040\000M\000o\000d\000e\000l}{}% 6
\BOOKMARK [2][-]{subsection.3.1}{\376\377\000S\000t\000a\000t\000e\000\040\000a\000n\000d\000\040\000C\000a\000n\000d\000i\000d\000a\000t\000e\000s}{section.3}% 7
\BOOKMARK [2][-]{subsection.3.2}{\376\377\000T\000h\000e\000\040\000D\000u\000a\000l\000-\000C\000o\000s\000t\000\040\000M\000o\000d\000e\000l}{section.3}% 8
\BOOKMARK [2][-]{subsection.3.3}{\376\377\000N\000o\000v\000e\000l\000t\000y\000:\000\040\000G\000e\000n\000e\000r\000a\000t\000i\000v\000e\000\040\000C\000a\000p\000a\000c\000i\000t\000y}{section.3}% 9
\BOOKMARK [2][-]{subsection.3.4}{\376\377\000S\000e\000l\000e\000c\000t\000i\000o\000n\000\040\000D\000y\000n\000a\000m\000i\000c\000s}{section.3}% 10
\BOOKMARK [2][-]{subsection.3.5}{\376\377\000T\000h\000e\000\040\000F\000i\000v\000e\000\040\000A\000x\000i\000o\000m\000s}{section.3}% 11
\BOOKMARK [2][-]{subsection.3.6}{\376\377\000R\000e\000a\000l\000i\000z\000a\000t\000i\000o\000n\000\040\000T\000i\000m\000e}{section.3}% 12
\BOOKMARK [1][-]{section.4}{\376\377\000C\000o\000h\000e\000r\000e\000n\000c\000e\000\040\000W\000i\000n\000d\000o\000w\000s}{}% 13
\BOOKMARK [2][-]{subsection.4.1}{\376\377\000I\000n\000d\000u\000c\000e\000d\000\040\000O\000b\000l\000i\000g\000a\000t\000i\000o\000n\000s}{section.4}% 14
\BOOKMARK [2][-]{subsection.4.2}{\376\377\000T\000h\000e\000o\000r\000e\000m\000\040\000A\000:\000\040\000E\000x\000t\000e\000n\000s\000i\000o\000n\000a\000l\000\040\000S\000y\000s\000t\000e\000m\000s\000\040\000\050\000d\000\040\000=\000\040\0001\000\051}{section.4}% 15
\BOOKMARK [2][-]{subsection.4.3}{\376\377\000T\000h\000e\000o\000r\000e\000m\000\040\000B\000:\000\040\000I\000n\000t\000e\000n\000s\000i\000o\000n\000a\000l\000\040\000S\000y\000s\000t\000e\000m\000s\000\040\000\050\000d\000\040\000=\000\040\0002\000\051}{section.4}% 16
\BOOKMARK [3][-]{subsubsection.4.3.1}{\376\377\000U\000p\000p\000e\000r\000\040\000B\000o\000u\000n\000d\000:\000\040\000d\000\040\0002}{subsection.4.3}% 17
\BOOKMARK [3][-]{subsubsection.4.3.2}{\376\377\000L\000o\000w\000e\000r\000\040\000B\000o\000u\000n\000d\000:\000\040\000d\000\040\0002}{subsection.4.3}% 18
\BOOKMARK [2][-]{subsection.4.4}{\376\377\000T\000h\000e\000\040\000A\000d\000j\000u\000n\000c\000t\000i\000o\000n\000\040\000D\000e\000p\000t\000h\000\040\000B\000a\000r\000r\000i\000e\000r}{section.4}% 19
\BOOKMARK [2][-]{subsection.4.5}{\376\377\000C\000o\000h\000o\000m\000o\000l\000o\000g\000i\000c\000a\000l\000\040\000U\000p\000p\000e\000r\000\040\000B\000o\000u\000n\000d\000:\000\040\000S\000p\000e\000c\000t\000r\000a\000l\000\040\000D\000e\000g\000e\000n\000e\000r\000a\000t\000i\000o\000n}{section.4}% 20
\BOOKMARK [2][-]{subsection.4.6}{\376\377\000T\000o\000p\000o\000l\000o\000g\000i\000c\000a\000l\000\040\000L\000o\000w\000e\000r\000\040\000B\000o\000u\000n\000d\000:\000\040\000T\000h\000e\000\040\000C\000l\000u\000t\000c\000h\000i\000n\000g\000\040\000F\000a\000m\000i\000l\000y}{section.4}% 21
\BOOKMARK [1][-]{section.5}{\376\377\000T\000h\000e\000\040\000C\000o\000m\000p\000l\000e\000x\000i\000t\000y\000\040\000S\000c\000a\000l\000i\000n\000g\000\040\000T\000h\000e\000o\000r\000e\000m}{}% 22
\BOOKMARK [2][-]{subsection.5.1}{\376\377\000S\000t\000a\000g\000n\000a\000t\000i\000o\000n\000\040\000o\000f\000\040\000C\000l\000a\000s\000s\000\040\0001\000\040\000S\000y\000s\000t\000e\000m\000s}{section.5}% 23
\BOOKMARK [2][-]{subsection.5.2}{\376\377\000A\000c\000c\000e\000l\000e\000r\000a\000t\000i\000o\000n\000\040\000o\000f\000\040\000C\000l\000a\000s\000s\000\040\0002\000\040\000S\000y\000s\000t\000e\000m\000s}{section.5}% 24
\BOOKMARK [1][-]{section.6}{\376\377\000T\000h\000e\000\040\000C\000o\000m\000b\000i\000n\000a\000t\000o\000r\000i\000a\000l\000\040\000N\000o\000v\000e\000l\000t\000y\000\040\000T\000h\000e\000o\000r\000e\000m}{}% 25
\BOOKMARK [2][-]{subsection.6.1}{\376\377\000O\000I\000T\000\040\000E\000x\000p\000o\000n\000e\000n\000t\000i\000a\000l\000i\000t\000y}{section.6}% 26
\BOOKMARK [2][-]{subsection.6.2}{\376\377\000H\000I\000T\000\040\000C\000o\000n\000s\000t\000r\000a\000i\000n\000t\000s}{section.6}% 27
\BOOKMARK [2][-]{subsection.6.3}{\376\377\000R\000e\000s\000t\000o\000r\000i\000n\000g\000\040\000S\000u\000p\000e\000r\000l\000i\000n\000e\000a\000r\000\040\000G\000r\000o\000w\000t\000h}{section.6}% 28
\BOOKMARK [2][-]{subsection.6.4}{\376\377\000C\000o\000m\000b\000i\000n\000a\000t\000o\000r\000i\000a\000l\000\040\000S\000c\000h\000e\000m\000a\000\040\000S\000y\000n\000t\000h\000e\000s\000i\000s}{section.6}% 29
\BOOKMARK [2][-]{subsection.6.5}{\376\377\000D\000i\000v\000e\000r\000g\000e\000n\000c\000e\000\040\000o\000f\000\040\000E\000f\000f\000i\000c\000i\000e\000n\000c\000y}{section.6}% 30
\BOOKMARK [2][-]{subsection.6.6}{\376\377\000T\000h\000e\000\040\000T\000a\000n\000g\000e\000n\000t\000\040\000T\000o\000p\000o\000s\000\040\000H\000y\000p\000o\000t\000h\000e\000s\000i\000s\000:\000\040\000T\000h\000e\000\040\000G\000o\000e\000d\000e\000l\000i\000a\000n\000\040\000H\000o\000r\000i\000z\000o\000n}{section.6}% 31
\BOOKMARK [1][-]{section.7}{\376\377\000T\000h\000e\000\040\000S\000p\000e\000c\000t\000r\000a\000l\000\040\000D\000e\000c\000o\000m\000p\000o\000s\000i\000t\000i\000o\000n}{}% 32
\BOOKMARK [2][-]{subsection.7.1}{\376\377\000T\000h\000e\000\040\000T\000h\000r\000e\000e\000\040\000A\000x\000e\000s}{section.7}% 33
\BOOKMARK [2][-]{subsection.7.2}{\376\377\000T\000h\000e\000\040\000S\000p\000e\000c\000t\000r\000a\000l\000\040\000D\000e\000c\000o\000m\000p\000o\000s\000i\000t\000i\000o\000n\000\040\000T\000a\000b\000l\000e}{section.7}% 34
\BOOKMARK [2][-]{subsection.7.3}{\376\377\000I\000n\000d\000e\000p\000e\000n\000d\000e\000n\000c\000e\000\040\000o\000f\000\040\000A\000x\000e\000s}{section.7}% 35
\BOOKMARK [2][-]{subsection.7.4}{\376\377\000E\000q\000u\000a\000l\000-\000W\000e\000i\000g\000h\000t\000\040\000P\000r\000o\000p\000e\000r\000t\000y}{section.7}% 36
\BOOKMARK [2][-]{subsection.7.5}{\376\377\000I\000n\000t\000e\000r\000p\000r\000e\000t\000a\000t\000i\000o\000n\000:\000\040\000T\000h\000e\000\040\000B\000a\000l\000a\000n\000c\000e\000d\000\040\000U\000n\000i\000v\000e\000r\000s\000e}{section.7}% 37
\BOOKMARK [1][-]{section.8}{\376\377\000C\000o\000m\000p\000u\000t\000a\000t\000i\000o\000n\000a\000l\000\040\000V\000e\000r\000i\000f\000i\000c\000a\000t\000i\000o\000n}{}% 38
\BOOKMARK [2][-]{subsection.8.1}{\376\377\000T\000h\000e\000\040\000H\000a\000s\000k\000e\000l\000l\000\040\000E\000n\000g\000i\000n\000e}{section.8}% 39
\BOOKMARK [2][-]{subsection.8.2}{\376\377\000S\000c\000h\000e\000m\000a\000\040\000C\000a\000n\000o\000n\000i\000c\000a\000l\000i\000t\000y\000\040\000V\000e\000r\000i\000f\000i\000c\000a\000t\000i\000o\000n}{section.8}% 40
\BOOKMARK [2][-]{subsection.8.3}{\376\377\000U\000n\000i\000f\000o\000r\000m\000\040\000N\000u\000\040\000V\000e\000r\000i\000f\000i\000c\000a\000t\000i\000o\000n}{section.8}% 41
\BOOKMARK [2][-]{subsection.8.4}{\376\377\000M\000e\000t\000a\000-\000T\000h\000e\000o\000r\000e\000t\000i\000c\000\040\000R\000u\000l\000e\000\040\000A\000u\000d\000i\000t}{section.8}% 42
\BOOKMARK [2][-]{subsection.8.5}{\376\377\000C\000o\000m\000b\000i\000n\000a\000t\000i\000o\000n\000\040\000R\000u\000l\000e\000\040\000S\000w\000e\000e\000p}{section.8}% 43
\BOOKMARK [2][-]{subsection.8.6}{\376\377\000C\000u\000b\000i\000c\000a\000l\000\040\000A\000g\000d\000a\000\040\000M\000e\000c\000h\000a\000n\000i\000z\000a\000t\000i\000o\000n}{section.8}% 44
\BOOKMARK [2][-]{subsection.8.7}{\376\377\000C\000o\000h\000e\000r\000e\000n\000c\000e\000\040\000W\000i\000n\000d\000o\000w\000\040\000S\000t\000r\000e\000s\000s\000-\000T\000e\000s\000t\000i\000n\000g}{section.8}% 45
\BOOKMARK [1][-]{section.9}{\376\377\000D\000i\000s\000c\000u\000s\000s\000i\000o\000n}{}% 46
\BOOKMARK [2][-]{subsection.9.1}{\376\377\000W\000h\000a\000t\000\040\000I\000s\000\040\000P\000r\000o\000v\000e\000d\000,\000\040\000W\000h\000a\000t\000\040\000I\000s\000\040\000A\000s\000s\000u\000m\000e\000d\000,\000\040\000W\000h\000a\000t\000\040\000I\000s\000\040\000O\000p\000e\000n}{section.9}% 47
\BOOKMARK [2][-]{subsection.9.2}{\376\377\000L\000i\000m\000i\000t\000a\000t\000i\000o\000n\000s}{section.9}% 48
\BOOKMARK [2][-]{subsection.9.3}{\376\377\000P\000h\000y\000s\000i\000c\000a\000l\000\040\000I\000m\000p\000l\000i\000c\000a\000t\000i\000o\000n\000s}{section.9}% 49
\BOOKMARK [2][-]{subsection.9.4}{\376\377\000F\000a\000l\000s\000i\000f\000i\000a\000b\000i\000l\000i\000t\000y}{section.9}% 50
\BOOKMARK [1][-]{section.10}{\376\377\000M\000e\000t\000a\000m\000a\000t\000h\000e\000m\000a\000t\000i\000c\000a\000l\000\040\000B\000o\000u\000n\000d\000a\000r\000i\000e\000s\000\040\000a\000n\000d\000\040\000A\000l\000g\000o\000r\000i\000t\000h\000m\000i\000c\000\040\000L\000i\000m\000i\000t\000s}{}% 51
\BOOKMARK [2][-]{subsection.10.1}{\376\377\000A\000l\000g\000o\000r\000i\000t\000h\000m\000i\000c\000\040\000C\000r\000i\000t\000i\000c\000a\000l\000i\000t\000y}{section.10}% 52
\BOOKMARK [2][-]{subsection.10.2}{\376\377\000T\000h\000e\000\040\000A\000l\000g\000o\000r\000i\000t\000h\000m\000i\000c\000\040\000I\000n\000e\000f\000f\000i\000c\000i\000e\000n\000c\000y\000\040\000o\000f\000\040\000t\000h\000e\000\040\000D\000i\000s\000c\000r\000e\000t\000e}{section.10}% 53
\BOOKMARK [2][-]{subsection.10.3}{\376\377\000T\000h\000e\000\040\000G\000o\000e\000d\000e\000l\000i\000a\000n\000\040\000H\000o\000r\000i\000z\000o\000n}{section.10}% 54
\BOOKMARK [2][-]{subsection.10.4}{\376\377\000T\000h\000e\000\040\000D\000C\000T\000\040\000N\000o\000v\000e\000l\000t\000y\000\040\000C\000o\000u\000n\000t\000\040\000a\000n\000d\000\040\000A\000d\000j\000o\000i\000n\000t\000\040\000C\000o\000m\000p\000l\000e\000t\000i\000o\000n}{section.10}% 55
\BOOKMARK [1][-]{section.11}{\376\377\000C\000o\000n\000c\000l\000u\000s\000i\000o\000n}{}% 56
\BOOKMARK [1][-]{appendix.A}{\376\377\000D\000C\000T\000:\000\040\000K\000e\000y\000\040\000T\000h\000e\000o\000r\000e\000m\000s\000\040\000a\000n\000d\000\040\000A\000p\000p\000l\000i\000c\000a\000t\000i\000o\000n\000s}{}% 57
\BOOKMARK [2][-]{subsection.A.1}{\376\377\000I\000n\000t\000e\000r\000n\000a\000l\000\040\000T\000a\000n\000g\000e\000n\000t\000\040\000B\000u\000n\000d\000l\000e}{appendix.A}% 58
\BOOKMARK [2][-]{subsection.A.2}{\376\377\000T\000e\000m\000p\000o\000r\000a\000l\000\040\000E\000v\000o\000l\000u\000t\000i\000o\000n}{appendix.A}% 59
\BOOKMARK [2][-]{subsection.A.3}{\376\377\000H\000a\000m\000i\000l\000t\000o\000n\000i\000a\000n\000\040\000F\000l\000o\000w\000s}{appendix.A}% 60
\BOOKMARK [2][-]{subsection.A.4}{\376\377\000R\000e\000p\000r\000e\000s\000e\000n\000t\000a\000t\000i\000v\000e\000\040\000A\000p\000p\000l\000i\000c\000a\000t\000i\000o\000n\000s}{appendix.A}% 61
\BOOKMARK [2][-]{subsection.A.5}{\376\377\000S\000e\000m\000a\000n\000t\000i\000c\000\040\000A\000u\000d\000i\000t\000\040\000o\000f\000\040\000D\000C\000T\000\040\000N\000o\000v\000e\000l\000t\000y}{appendix.A}% 62
\BOOKMARK [1][-]{appendix.B}{\376\377\000F\000o\000r\000m\000a\000l\000\040\000T\000y\000p\000e\000-\000T\000h\000e\000o\000r\000e\000t\000i\000c\000\040\000S\000p\000e\000c\000i\000f\000i\000c\000a\000t\000i\000o\000n\000s\000:\000\040\000S\000t\000e\000p\000s\000\040\0001\0000\040\023\0001\0004}{}% 63
\BOOKMARK [2][-]{subsection.B.1}{\376\377\000S\000t\000e\000p\000\040\0001\0000\000:\000\040\000C\000o\000h\000e\000s\000i\000o\000n\000\040\000\050\000A\000d\000j\000o\000i\000n\000t\000\040\000Q\000u\000a\000d\000r\000u\000p\000l\000e\000\040\000o\000f\000\040\000M\000o\000d\000a\000l\000i\000t\000i\000e\000s\000\051}{appendix.B}% 64
\BOOKMARK [2][-]{subsection.B.2}{\376\377\000S\000t\000e\000p\000\040\0001\0001\000:\000\040\000C\000o\000n\000n\000e\000c\000t\000i\000o\000n\000s\000\040\000\050\000\040\000o\000n\000\040\000C\000o\000h\000e\000s\000i\000v\000e\000\040\000T\000y\000p\000e\000s\000\051}{appendix.B}% 65
\BOOKMARK [2][-]{subsection.B.3}{\376\377\000S\000t\000e\000p\000\040\0001\0002\000:\000\040\000C\000u\000r\000v\000a\000t\000u\000r\000e\000\040\000\050\000R\000\040\000=\000\040\000d\000+\000\040\000\051}{appendix.B}% 66
\BOOKMARK [2][-]{subsection.B.4}{\376\377\000S\000t\000e\000p\000\040\0001\0003\000:\000\040\000M\000e\000t\000r\000i\000c\000\040\000\050\000g\000\040\000:\000\040\000T\000X\000\040\000T\000X\000\040\000R\000\051}{appendix.B}% 67
\BOOKMARK [2][-]{subsection.B.5}{\376\377\000S\000t\000e\000p\000\040\0001\0004\000:\000\040\000H\000i\000l\000b\000e\000r\000t\000\040\000F\000u\000n\000c\000t\000i\000o\000n\000a\000l\000\040\000\050\000O\000p\000e\000r\000a\000t\000o\000r\000\040\000A\000l\000g\000e\000b\000r\000a\000\051}{appendix.B}% 68
\BOOKMARK [1][-]{appendix.C}{\376\377\000T\000h\000e\000\040\000M\000B\000T\000T\000\040\000E\000n\000c\000o\000d\000i\000n\000g\000\040\000A\000u\000d\000i\000t}{}% 69
\BOOKMARK [2][-]{subsection.C.1}{\376\377\000T\000h\000e\000\040\000M\000B\000T\000T\000\040\000G\000r\000a\000m\000m\000a\000r}{appendix.C}% 70
\BOOKMARK [2][-]{subsection.C.2}{\376\377\000F\000u\000l\000l\000\040\000A\000u\000d\000i\000t\000:\000\040\000C\000l\000a\000u\000s\000e\000\040\000C\000o\000u\000n\000t\000s\000\040\000v\000s\000.\000\040\000M\000B\000T\000T\000\040\000B\000i\000t\000-\000L\000e\000n\000g\000t\000h\000s}{appendix.C}% 71
\BOOKMARK [2][-]{subsection.C.3}{\376\377\000P\000e\000r\000-\000C\000l\000a\000u\000s\000e\000\040\000B\000r\000e\000a\000k\000d\000o\000w\000n\000:\000\040\000S\000t\000e\000p\000s\000\040\0001\0003\040\023\0001\0005}{appendix.C}% 72
\BOOKMARK [2][-]{subsection.C.4}{\376\377\000C\000a\000n\000o\000n\000i\000c\000a\000l\000i\000t\000y\000\040\000o\000f\000\040\000t\000h\000e\000\040\000E\000n\000c\000o\000d\000i\000n\000g}{appendix.C}% 73
