Build profile: -w ghc-9.8.4 -O1
In order, the following will be built (use -v for more details):
 - pen-engine-0.1.0.0 (exe:ab-initio) (file src\RunAbInitio.hs changed)
Preprocessing executable 'ab-initio' for pen-engine-0.1.0.0...
Building executable 'ab-initio' for pen-engine-0.1.0.0...
[11 of 23] Compiling ProofState       ( src\ProofState.hs, dist-newstyle\build\x86_64-windows\ghc-9.8.4\pen-engine-0.1.0.0\x\ab-initio\build\ab-initio\ab-initio-tmp\ProofState.o ) [Source file changed]
[19 of 23] Compiling AgendaSearch     ( src\AgendaSearch.hs, dist-newstyle\build\x86_64-windows\ghc-9.8.4\pen-engine-0.1.0.0\x\ab-initio\build\ab-initio\ab-initio-tmp\AgendaSearch.o ) [ProofState changed]
[22 of 23] Compiling MCTS             ( src\MCTS.hs, dist-newstyle\build\x86_64-windows\ghc-9.8.4\pen-engine-0.1.0.0\x\ab-initio\build\ab-initio\ab-initio-tmp\MCTS.o ) [ProofState changed]

src\MCTS.hs:580:24: warning: [GHC-63394] [-Wx-partial]
    In the use of ‘head’
    (imported from Prelude, but defined in GHC.List):
    "This is a partial function, it throws an error on empty lists. Use pattern matching or Data.List.uncons instead. Consider refactoring to use Data.List.NonEmpty."
    |
580 |       pick _ [] = fst (head items)
    |                        ^^^^
[23 of 23] Compiling Main             ( src\RunAbInitio.hs, dist-newstyle\build\x86_64-windows\ghc-9.8.4\pen-engine-0.1.0.0\x\ab-initio\build\ab-initio\ab-initio-tmp\Main.o ) [Source file changed]
[24 of 24] Linking dist-newstyle\\build\\x86_64-windows\\ghc-9.8.4\\pen-engine-0.1.0.0\\x\\ab-initio\\build\\ab-initio\\ab-initio.exe [Objects changed]
============================================
PEN Ab Initio Discovery Engine
Mode: StrictAbInitio, d=2
============================================
  Evaluator: EvalStrictComputed (computeUniformNu + strictKappa, zero paper tables)
  Bar:       Discovered nu/kappa history only
  Library:   Discovered entries only, no fallback
  Window:    d=2 (Fibonacci — intensional HoTT)
  Kappa:     DesugaredKappa
  SEARCH:    MBTT-first default active (typed MBTT enumeration in Phase A)
  SHADOW:    --max-steps 7 (early-stop run)
  SPEED:     --skip-validation (Phase 0 validation skipped)
  PROFILE:   --mbtt-shadow-profile (tighter MBTT Phase-1 bounds)
  SPEED:     --skip-mcts (disable Phase B MCTS)
  PRESET:    --phase1-shadow (bounded MBTT-first profile)
  MEMORY:    adaptive memory/pagefile guards enabled
  SEED:      42
  REPORT:    --prefix-report strict_prefix_report.csv

Starting from EMPTY LIBRARY.
The engine will autonomously discover the Generative Sequence.

--- Phase 0: Validation skipped (claim-grade default) ---


--- Phase 1: Ab Initio Synthesis (StrictAbInitio, d=2) ---

Step Discovery            ν     κ        ρ      Bar      Δ_n  Source   Candidates
------------------------------------------------------------------------------------------
  [MEM step 1] pressure=low live=0MiB inuse=51MiB peak=51MiB enum(bit=14,depth=2,cands=20) mcts(iters=1200,depth=3,topK=10)
1    Universe             1     2     0.50     0.50        1  ENUM_MBTT 11
  [MEM step 2] pressure=low live=0MiB inuse=51MiB peak=51MiB enum(bit=14,depth=2,cands=20) mcts(iters=1200,depth=3,topK=10)
2    Unit                 1     1     1.00     0.50        1  ENUM_MBTT 11
  [MEM step 3] pressure=low live=0MiB inuse=64MiB peak=144MiB enum(bit=14,depth=2,cands=20) mcts(iters=1200,depth=3,topK=10)
3    Witness              2     1     2.00     1.33        2  ENUM_MBTT 3
  [MEM step 4] pressure=low live=0MiB inuse=65MiB peak=1015MiB enum(bit=14,depth=2,cands=20) mcts(iters=1200,depth=3,topK=10)
4    Pi                   5     3     1.67     1.50        3  AGENDA   15
  [MEM step 5] pressure=low live=0MiB inuse=62MiB peak=1015MiB enum(bit=14,depth=2,cands=20) mcts(iters=1200,depth=3,topK=10)
5    S1                   8     3     2.67     2.14        5  AGENDA   9
  [MEM step 6] pressure=low live=0MiB inuse=61MiB peak=1015MiB enum(bit=14,depth=2,cands=20) mcts(iters=1200,depth=3,topK=10)
  [GOAL step 6] intents=[NeedHIT] loop=True trunc=False modal=False diff=False hilbert=False maxDim=1
  [HIT step 6] trunc_candidates=7 trunc_viable=5 trunc_best_rho=6.50
6    Trunc                6     2     3.00     2.72        8  AGENDA   5
