============================================
PEN Ab Initio Discovery Engine
Mode: StructuralAbInitio, d=2
============================================
  Evaluator: EvalStructural (StructuralNu AST rule extraction)
  Bar:       Discovered nu/kappa history only
  Library:   Discovered entries only, no fallback
  Features:  3-component decomposition (v_G + v_H + v_C)
             Meta-theorem multipliers for DCT (Big Bang)
  PAPER-INDEPENDENCE: Zero paper nu/kappa lookups in evaluation,
    bar computation, MCTS rollout guidance, or library insertion.
    All scores derive from AST analysis of discovered telescopes.
  Window:    d=2 (Fibonacci — intensional HoTT)
  Kappa:     DesugaredKappa
  ABLATION:  --no-canonical-priority (selection by rho only, no name tier)

Starting from EMPTY LIBRARY.
The engine will autonomously discover the Generative Sequence.

--- Phase 0: Validating Reference Telescopes ---

Step Name            ν_pap  ν_tel      κ Status
------------------------------------------------------------
1    Universe            1      2      2 OK
2    Unit                1      2      1 OK
3    Witness             2      2      1 OK
4    Pi                  5      5      3 OK
5    S1                  7     16      3 OK
6    Trunc               8     24      3 OK
7    S2                 10     23      3 OK
8    S3                 18     31      5 OK
9    Hopf               17     19      4 OK
10   Cohesion           19     51      4 OK
11   Connections        26     72      5 OK
12   Curvature          34     77      6 OK
13   Metric             43     84      7 OK
14   Hilbert            60     91      9 OK
15   DCT               105    105      8 OK

Validation: 15/15 telescopes produce non-zero novelty

--- Phase 1: Ab Initio Synthesis (StructuralAbInitio, d=2) ---

Step Discovery            ν     κ        ρ      Bar      Δ_n  Source   Candidates
------------------------------------------------------------------------------------------
1    Universe             1     2     0.50     0.50        1  ENUM     1573
2    candidate            1     2     0.50     0.50        1  ENUM     1262
3    candidate            2     2     1.00     1.00        2  ENUM     1331
  [DEBUG step 4] refCanon=Pi refNu=5 refKappa=3
  [DEBUG step 4] entry: cons=0 deps=True loop=False dims=[]
  [DEBUG step 4] lib entries: [("Universe",1,False),("candidate",1,False),("candidate",0,False)]
4    candidate            2     2     1.00     1.00        3  ENUM     1341
5    Susp_candidate       5     4     1.25     1.25        5  ENUM     1351
6    candidate            9     5     1.80     1.47        8  ENUM     1361
7    Witness              2     1     2.00     1.91       13  ENUM     1371
8    candidate            2     1     2.00     1.97       21  ENUM     1349
  [MCTS step 9] 2000 iters, 1938 valid, 62 rejected (3.1%), best rho=3.71
9    Axiom_7              7     3     2.33     2.05       34  ENUM     1337
  [MCTS step 10] 2000 iters, 1938 valid, 62 rejected (3.1%), best rho=3.71
10   Axiom_8              7     3     2.33     2.28       55  ENUM     1347
  [MCTS step 11] 2000 iters, 1956 valid, 44 rejected (2.2%), best rho=3.85
11   candidate            5     2     2.50     2.46       89  ENUM     1341
  [MCTS step 12] 2000 iters, 1958 valid, 42 rejected (2.1%), best rho=4.12
12   candidate            6     2     3.00     2.58      144  ENUM     1335
  [MCTS step 13] 2000 iters, 1962 valid, 38 rejected (1.9%), best rho=3.30
13   candidate            6     2     3.00     2.73      233  ENUM     1315
  [MCTS step 14] 2000 iters, 1955 valid, 45 rejected (2.2%), best rho=3.40
14   candidate            6     2     3.00     2.87      377  ENUM     1313
  [MCTS step 15] 2000 iters, 1961 valid, 39 rejected (2.0%), best rho=3.50
15   candidate            6     2     3.00     2.99      610  ENUM     1301

============================================
SYNTHESIS COMPLETE: 15 structures discovered
============================================

Discovery vs Paper Comparison:
Step   disc_ν    pap_ν   disc_κ    pap_κ
--------------------------------------------
1           1        1        2        2
2           1        1        2        1
3           2        2        2        1
4           2        5        2        3
5           5        7        4        3
6           9        8        5        3
7           2       10        1        3
8           2       18        1        5
9           7       17        3        4
10          7       19        3        4
11          5       26        2        5
12          6       34        2        6
13          6       43        2        7
14          6       60        2        9
15          6      105        2        8
--------------------------------------------
SUM        67      356       35       64

Post-Hoc Analysis: StructuralNu vs UniformNu
(UniformNu computed AFTER selection — not used for discovery)
Step Name            v_str  v_uni      k    Amplif.
------------------------------------------------------------
1    Universe            1      2      2       2.00x
2    candidate           1      2      2       2.00x
3    candidate           2      0      2       0.00x
4    candidate           2      0      2       0.00x
5    Susp_candidate      5      6      4       1.20x
6    candidate           9      0      5       0.00x
7    Witness             2      1      1       0.50x
8    candidate           2      0      1       0.00x
9    Axiom_7             7      1      3       0.14x
10   Axiom_8             7      1      3       0.14x
11   candidate           5      0      2       0.00x
12   candidate           6      0      2       0.00x
13   candidate           6      0      2       0.00x
14   candidate           6      0      2       0.00x
15   candidate           6      0      2       0.00x

--- Claim Profile (Publication-Grade) ---
  Mode:     EvalStructural (--structural)
  Nu:       StructuralNu — AST rule extraction (v_G + v_H + v_C)
  Kappa:    DesugaredKappa — principled clause counting
  Bar:      Phi_n * Omega_{n-1}, discovered history only
  MCTS:     EvalStructural rollout guidance (zero paper lookups)
  Library:  Discovered entries only, no paper fallback
  Result:   1/15 exact match, total nu 67/356, total kappa 35/64

--- Exclusion Contract ---
  PEN derives the KINEMATIC FRAMEWORK of physics:
    [+] Dependent types, homotopy types, higher inductive types
    [+] Differential cohesion, connections, curvature, metrics
    [+] Hilbert functional analysis, Dynamical Cohesive Topos

  PEN does NOT derive:
    [-] Gauge groups (SU(3) x SU(2) x U(1))
    [-] Coupling constants (alpha ~ 1/137)
    [-] Spacetime dimension (3+1)
    [-] Equations of motion or Lagrangians
    [-] Particle content or mass spectrum
    [-] Cosmological parameters (Lambda, H_0)

  Empirical constants in selection: NONE
    Selection uses only: StructuralNu (AST), DesugaredKappa (clause count),
    d-bonacci bar (Fibonacci for d=2), canonical structural recognition.
    No physical constants, no empirical measurements, no fitted parameters.
CSV written to /home/halvor/PEN/runs/phase0_baseline/ablation_no_canonical.csv (15 steps)
