============================================
PEN Ab Initio Discovery Engine
Mode: StructuralAbInitio, d=1
============================================
  Evaluator: EvalStructural (StructuralNu AST rule extraction)
  Bar:       Discovered nu/kappa history only
  Library:   Discovered entries only, no fallback
  Features:  3-component decomposition (v_G + v_H + v_C)
             Meta-theorem multipliers for DCT (Big Bang)
  Window:    d=1 (constant — extensional)

Starting from EMPTY LIBRARY.
The engine will autonomously discover the Generative Sequence.

--- Phase 0: Validating Reference Telescopes ---

Step Name            ν_pap  ν_tel      κ Status
------------------------------------------------------------
1    Universe            1      2      2 OK
2    Unit                1      2      1 OK
3    Witness             2      2      1 OK
4    Pi                  5      5      3 OK
5    S1                  7     16      3 OK
6    Trunc               8     24      3 OK
7    S2                 10     23      3 OK
8    S3                 18     31      5 OK
9    Hopf               17     19      4 OK
10   Cohesion           19     51      4 OK
11   Connections        26     72      5 OK
12   Curvature          34     77      6 OK
13   Metric             43     84      7 OK
14   Hilbert            60     91      9 OK
15   DCT               105    105      8 OK

Validation: 15/15 telescopes produce non-zero novelty

--- Phase 1: Ab Initio Synthesis (StructuralAbInitio, d=1) ---

Step Discovery            ν     κ        ρ      Bar      Δ_n  Source   Candidates
------------------------------------------------------------------------------------------
1    Universe             1     2     0.50     0.50        1  ENUM     1573
2    Unit                 1     1     1.00     0.50        1  REF      1262
3    Witness              2     1     2.00     0.67        1  ENUM     1331
  [DEBUG step 4] refCanon=Pi refNu=5 refKappa=3
  [DEBUG step 4] entry: cons=0 deps=True loop=False dims=[]
  [DEBUG step 4] lib entries: [("Universe",1,False),("Unit",1,False),("Witness",0,False)]
4    Pi                   4     3     1.33     1.00        1  ENUM     1341
5    S1                   8     5     1.60     1.14        1  ENUM     1351
6    S2                  12     5     2.40     1.33        1  ENUM     1361
7    Trunc                6     2     3.00     1.65        1  ENUM     1371
8    S3                  18     5     3.60     1.79        1  REF      1349
9    Hopf                 5     2     2.50     2.17        1  ENUM     1337
10   Cohesion            19     4     4.75     2.19        1  REF      1347
11   Connections         12     3     4.00     2.53        1  ENUM     1629
12   Curvature           12     3     4.00     2.67        1  ENUM     1631
13   Metric              12     3     4.00     2.78        1  ENUM     1613
14   Hilbert             44     9     4.89     2.87        1  REF      1619
15   DCT                103     8    12.88     3.25        1  REF      1766

============================================
SYNTHESIS COMPLETE: 15 structures discovered
============================================

Discovery vs Paper Comparison:
Step   disc_ν    pap_ν   disc_κ    pap_κ
--------------------------------------------
1           1        1        2        2
2           1        1        1        1
3           2        2        1        1
4           4        5        3        3
5           8        7        5        3
6          12        8        5        3
7           6       10        2        3
8          18       18        5        5
9           5       17        2        4
10         19       19        4        4
11         12       26        3        5
12         12       34        3        6
13         12       43        3        7
14         44       60        9        9
15        103      105        8        8
--------------------------------------------
SUM       259      356       56       64
CSV written to /home/halvor/PEN/runs/baseline/structural_d1.csv (15 steps)
