============================================
PEN Ab Initio Discovery Engine
Mode: StructuralAbInitio, d=3
============================================
  Evaluator: EvalStructural (StructuralNu AST rule extraction)
  Bar:       Discovered nu/kappa history only
  Library:   Discovered entries only, no fallback
  Features:  3-component decomposition (v_G + v_H + v_C)
             Meta-theorem multipliers for DCT (Big Bang)
  Window:    d=3 (tribonacci)

Starting from EMPTY LIBRARY.
The engine will autonomously discover the Generative Sequence.

--- Phase 0: Validating Reference Telescopes ---

Step Name            ν_pap  ν_tel      κ Status
------------------------------------------------------------
1    Universe            1      2      2 OK
2    Unit                1      2      1 OK
3    Witness             2      2      1 OK
4    Pi                  5      5      3 OK
5    S1                  7     16      3 OK
6    Trunc               8     24      3 OK
7    S2                 10     23      3 OK
8    S3                 18     31      5 OK
9    Hopf               17     19      4 OK
10   Cohesion           19     51      4 OK
11   Connections        26     72      5 OK
12   Curvature          34     77      6 OK
13   Metric             43     84      7 OK
14   Hilbert            60     91      9 OK
15   DCT               105    105      8 OK

Validation: 15/15 telescopes produce non-zero novelty

--- Phase 1: Ab Initio Synthesis (StructuralAbInitio, d=3) ---

Step Discovery            ν     κ        ρ      Bar      Δ_n  Source   Candidates
------------------------------------------------------------------------------------------
1    Universe             1     2     0.50     0.50        1  ENUM     1573
2    Unit                 1     1     1.00     0.50        1  REF      1262
3    Witness              2     1     2.00     0.67        1  ENUM     1331
  [DEBUG step 4] refCanon=Pi refNu=5 refKappa=3
  [DEBUG step 4] entry: cons=0 deps=True loop=False dims=[]
  [DEBUG step 4] lib entries: [("Universe",1,False),("Unit",1,False),("Witness",0,False)]
4    candidate            6     2     3.00     3.00        3  ENUM     1341
5    candidate            6     2     3.00     2.78        5  ENUM     1351
6    candidate            8     2     4.00     3.60        9  ENUM     1361
7    candidate           14     3     4.67     4.53       17  ENUM     1371
8    candidate           11     2     5.50     5.33       31  ENUM     1349
9    Axiom_7             52     8     6.50     6.01       57  MCTS     1333
10   Axiom_9             65     8     8.12     8.09      105  MCTS     1339
11   Axiom_10            54     5    10.80     9.84      193  REF      1331
12   candidate           23     2    11.50    11.24      355  ENUM     1325
13   candidate           24     2    12.00    11.76      653  ENUM     1314
14   candidate           25     2    12.50    12.28     1201  ENUM     1312
15   Axiom_13           142    11    12.91    12.79     2209  MCTS     1301

============================================
SYNTHESIS COMPLETE: 15 structures discovered
============================================

Discovery vs Paper Comparison:
Step   disc_ν    pap_ν   disc_κ    pap_κ
--------------------------------------------
1           1        1        2        2
2           1        1        1        1
3           2        2        1        1
4           6        5        2        3
5           6        7        2        3
6           8        8        2        3
7          14       10        3        3
8          11       18        2        5
9          52       17        8        4
10         65       19        8        4
11         54       26        5        5
12         23       34        2        6
13         24       43        2        7
14         25       60        2        9
15        142      105       11        8
--------------------------------------------
SUM       434      356       53       64
CSV written to /home/halvor/PEN/runs/baseline/structural_d3.csv (15 steps)
